diff --git a/library/build.gradle b/library/build.gradle
index 257c5b4..6904eb4 100644
--- a/library/build.gradle
+++ b/library/build.gradle
@@ -12,7 +12,6 @@
 // See the License for the specific language governing permissions and
 // limitations under the License.
 apply plugin: 'com.android.library'
-apply plugin: 'bintray-release'
 
 android {
     compileSdkVersion 22
@@ -70,14 +69,4 @@ android.libraryVariants.all { variant ->
         exclude '**/BuildConfig.java'
         exclude '**/R.java'
     }
-}
-
-publish {
-    repoName = 'exoplayer'
-    userOrg = 'google'
-    groupId = 'com.google.android.exoplayer'
-    artifactId = 'exoplayer'
-    version = 'r1.5.0'
-    description = 'The ExoPlayer library.'
-    website = 'https://github.com/google/ExoPlayer'
-}
+}
\ No newline at end of file
